The system is: Windows - 10.0.19045 - AMD64
Compiling the C compiler identification source file "CMakeCCompilerId.c" succeeded.
Compiler: C:/Program Files/Microsoft Visual Studio/2022/Community/VC/Tools/MSVC/14.34.31933/bin/Hostx86/x86/cl.exe 
Build flags: 
Id flags:  

The output was:
0
Compilador de optimización de C/C++ de Microsoft (R) versión 19.33.31629 para x86
(C) Microsoft Corporation. Todos los derechos reservados.

CMakeCCompilerId.c
Microsoft (R) Incremental Linker Version 14.34.31933.0
Copyright (C) Microsoft Corporation.  All rights reserved.

/out:CMakeCCompilerId.exe 
CMakeCCompilerId.obj 


Compilation of the C compiler identification source "CMakeCCompilerId.c" produced "CMakeCCompilerId.exe"

Compilation of the C compiler identification source "CMakeCCompilerId.c" produced "CMakeCCompilerId.obj"

The C compiler identification is MSVC, found in "F:/PicoSDK/Projects/LogicAnalyzer/build/elf2uf2/CMakeFiles/3.25.0/CompilerIdC/CMakeCCompilerId.exe"

Compiling the CXX compiler identification source file "CMakeCXXCompilerId.cpp" succeeded.
Compiler: C:/Program Files/Microsoft Visual Studio/2022/Community/VC/Tools/MSVC/14.34.31933/bin/Hostx86/x86/cl.exe 
Build flags: 
Id flags:  

The output was:
0
Compilador de optimización de C/C++ de Microsoft (R) versión 19.33.31629 para x86
(C) Microsoft Corporation. Todos los derechos reservados.

CMakeCXXCompilerId.cpp
Microsoft (R) Incremental Linker Version 14.34.31933.0
Copyright (C) Microsoft Corporation.  All rights reserved.

/out:CMakeCXXCompilerId.exe 
CMakeCXXCompilerId.obj 


Compilation of the CXX compiler identification source "CMakeCXXCompilerId.cpp" produced "CMakeCXXCompilerId.exe"

Compilation of the CXX compiler identification source "CMakeCXXCompilerId.cpp" produced "CMakeCXXCompilerId.obj"

The CXX compiler identification is MSVC, found in "F:/PicoSDK/Projects/LogicAnalyzer/build/elf2uf2/CMakeFiles/3.25.0/CompilerIdCXX/CMakeCXXCompilerId.exe"

Detecting C compiler ABI info compiled with the following output:
Change Dir: F:/PicoSDK/Projects/LogicAnalyzer/build/elf2uf2/CMakeFiles/CMakeScratch/TryCompile-p16g8c

Run Build Command(s):nmake -f Makefile /nologo cmTC_b71d3\fast && 	"C:\Program Files\Microsoft Visual Studio\2022\Community\VC\Tools\MSVC\14.34.31933\bin\HostX86\x86\nmake.exe"  -f CMakeFiles\cmTC_b71d3.dir\build.make /nologo -L                  CMakeFiles\cmTC_b71d3.dir\build

Building C object CMakeFiles/cmTC_b71d3.dir/CMakeCCompilerABI.c.obj

	F:\RPico\CMake\bin\cmake.exe -E cmake_cl_compile_depends --dep-file=CMakeFiles\cmTC_b71d3.dir\CMakeCCompilerABI.c.obj.d --working-dir=F:\PicoSDK\Projects\LogicAnalyzer\build\elf2uf2\CMakeFiles\CMakeScratch\TryCompile-p16g8c --filter-prefix="Nota: inclusi¾n del archivo: " -- C:\PROGRA~1\MIB055~1\2022\COMMUN~1\VC\Tools\MSVC\1433~1.316\bin\Hostx86\x86\cl.exe @C:\Users\geniw\AppData\Local\Temp\nmD80E.tmp

CMakeCCompilerABI.c
Linking C executable cmTC_b71d3.exe

	F:\RPico\CMake\bin\cmake.exe -E vs_link_exe --intdir=CMakeFiles\cmTC_b71d3.dir --rc=C:\PROGRA~2\WI3CF2~1\10\bin\100190~1.0\x86\rc.exe --mt=C:\PROGRA~2\WI3CF2~1\10\bin\100190~1.0\x86\mt.exe --manifests -- C:\PROGRA~1\MIB055~1\2022\COMMUN~1\VC\Tools\MSVC\1433~1.316\bin\Hostx86\x86\link.exe /nologo @CMakeFiles\cmTC_b71d3.dir\objects1 @C:\Users\geniw\AppData\Local\Temp\nmD84E.tmp




Detecting CXX compiler ABI info compiled with the following output:
Change Dir: F:/PicoSDK/Projects/LogicAnalyzer/build/elf2uf2/CMakeFiles/CMakeScratch/TryCompile-gj33it

Run Build Command(s):nmake -f Makefile /nologo cmTC_985ac\fast && 	"C:\Program Files\Microsoft Visual Studio\2022\Community\VC\Tools\MSVC\14.34.31933\bin\HostX86\x86\nmake.exe"  -f CMakeFiles\cmTC_985ac.dir\build.make /nologo -L                  CMakeFiles\cmTC_985ac.dir\build

Building CXX object CMakeFiles/cmTC_985ac.dir/CMakeCXXCompilerABI.cpp.obj

	F:\RPico\CMake\bin\cmake.exe -E cmake_cl_compile_depends --dep-file=CMakeFiles\cmTC_985ac.dir\CMakeCXXCompilerABI.cpp.obj.d --working-dir=F:\PicoSDK\Projects\LogicAnalyzer\build\elf2uf2\CMakeFiles\CMakeScratch\TryCompile-gj33it --filter-prefix="Nota: inclusi¾n del archivo: " -- C:\PROGRA~1\MIB055~1\2022\COMMUN~1\VC\Tools\MSVC\1433~1.316\bin\Hostx86\x86\cl.exe @C:\Users\geniw\AppData\Local\Temp\nmDA41.tmp

CMakeCXXCompilerABI.cpp
Linking CXX executable cmTC_985ac.exe

	F:\RPico\CMake\bin\cmake.exe -E vs_link_exe --intdir=CMakeFiles\cmTC_985ac.dir --rc=C:\PROGRA~2\WI3CF2~1\10\bin\100190~1.0\x86\rc.exe --mt=C:\PROGRA~2\WI3CF2~1\10\bin\100190~1.0\x86\mt.exe --manifests -- C:\PROGRA~1\MIB055~1\2022\COMMUN~1\VC\Tools\MSVC\1433~1.316\bin\Hostx86\x86\link.exe /nologo @CMakeFiles\cmTC_985ac.dir\objects1 @C:\Users\geniw\AppData\Local\Temp\nmDA80.tmp




