The system is: Windows - 10.0.19045 - AMD64
Compiling the CXX compiler identification source file "CMakeCXXCompilerId.cpp" succeeded.
Compiler: C:/Program Files/Microsoft Visual Studio/2022/Community/VC/Tools/MSVC/14.34.31933/bin/Hostx86/x86/cl.exe 
Build flags: 
Id flags:  

The output was:
0
Compilador de optimización de C/C++ de Microsoft (R) versión 19.33.31629 para x86
(C) Microsoft Corporation. Todos los derechos reservados.

CMakeCXXCompilerId.cpp
Microsoft (R) Incremental Linker Version 14.34.31933.0
Copyright (C) Microsoft Corporation.  All rights reserved.

/out:CMakeCXXCompilerId.exe 
CMakeCXXCompilerId.obj 


Compilation of the CXX compiler identification source "CMakeCXXCompilerId.cpp" produced "CMakeCXXCompilerId.exe"

Compilation of the CXX compiler identification source "CMakeCXXCompilerId.cpp" produced "CMakeCXXCompilerId.obj"

The CXX compiler identification is MSVC, found in "F:/PicoSDK/Projects/LogicAnalyzer/build/pioasm/CMakeFiles/3.25.0/CompilerIdCXX/CMakeCXXCompilerId.exe"

Detecting CXX compiler ABI info compiled with the following output:
Change Dir: F:/PicoSDK/Projects/LogicAnalyzer/build/pioasm/CMakeFiles/CMakeScratch/TryCompile-1l1w1t

Run Build Command(s):nmake -f Makefile /nologo cmTC_776ae\fast && 	"C:\Program Files\Microsoft Visual Studio\2022\Community\VC\Tools\MSVC\14.34.31933\bin\HostX86\x86\nmake.exe"  -f CMakeFiles\cmTC_776ae.dir\build.make /nologo -L                  CMakeFiles\cmTC_776ae.dir\build

Building CXX object CMakeFiles/cmTC_776ae.dir/CMakeCXXCompilerABI.cpp.obj

	F:\RPico\CMake\bin\cmake.exe -E cmake_cl_compile_depends --dep-file=CMakeFiles\cmTC_776ae.dir\CMakeCXXCompilerABI.cpp.obj.d --working-dir=F:\PicoSDK\Projects\LogicAnalyzer\build\pioasm\CMakeFiles\CMakeScratch\TryCompile-1l1w1t --filter-prefix="Nota: inclusi¾n del archivo: " -- C:\PROGRA~1\MIB055~1\2022\COMMUN~1\VC\Tools\MSVC\1433~1.316\bin\Hostx86\x86\cl.exe @C:\Users\geniw\AppData\Local\Temp\nmB311.tmp

CMakeCXXCompilerABI.cpp
Linking CXX executable cmTC_776ae.exe

	F:\RPico\CMake\bin\cmake.exe -E vs_link_exe --intdir=CMakeFiles\cmTC_776ae.dir --rc=C:\PROGRA~2\WI3CF2~1\10\bin\100190~1.0\x86\rc.exe --mt=C:\PROGRA~2\WI3CF2~1\10\bin\100190~1.0\x86\mt.exe --manifests -- C:\PROGRA~1\MIB055~1\2022\COMMUN~1\VC\Tools\MSVC\1433~1.316\bin\Hostx86\x86\link.exe /nologo @CMakeFiles\cmTC_776ae.dir\objects1 @C:\Users\geniw\AppData\Local\Temp\nmB351.tmp




Compiling the CXX compiler identification source file "CMakeCXXCompilerId.cpp" succeeded.
Compiler: C:/Program Files/Microsoft Visual Studio/2022/Community/VC/Tools/MSVC/14.34.31933/bin/Hostx86/x86/cl.exe 
Build flags: /DWIN32;/D_WINDOWS;/W3;/GR;/EHsc
Id flags:  

The output was:
0
Compilador de optimización de C/C++ de Microsoft (R) versión 19.34.31937 para x86
(C) Microsoft Corporation. Todos los derechos reservados.

CMakeCXXCompilerId.cpp
Microsoft (R) Incremental Linker Version 14.34.31937.0
Copyright (C) Microsoft Corporation.  All rights reserved.

/out:CMakeCXXCompilerId.exe 
CMakeCXXCompilerId.obj 


Compilation of the CXX compiler identification source "CMakeCXXCompilerId.cpp" produced "CMakeCXXCompilerId.exe"

Compilation of the CXX compiler identification source "CMakeCXXCompilerId.cpp" produced "CMakeCXXCompilerId.obj"

The CXX compiler identification is MSVC, found in "F:/PicoSDK/Projects/LogicAnalyzer/build/pioasm/CMakeFiles/3.25.0/CompilerIdCXX/CMakeCXXCompilerId.exe"

Detecting CXX compiler ABI info compiled with the following output:
Change Dir: F:/PicoSDK/Projects/LogicAnalyzer/build/pioasm/CMakeFiles/CMakeScratch/TryCompile-850ga7

Run Build Command(s):nmake -f Makefile /nologo cmTC_552aa\fast && 	"C:\Program Files\Microsoft Visual Studio\2022\Community\VC\Tools\MSVC\14.34.31933\bin\HostX86\x86\nmake.exe"  -f CMakeFiles\cmTC_552aa.dir\build.make /nologo -L                  CMakeFiles\cmTC_552aa.dir\build
Building CXX object CMakeFiles/cmTC_552aa.dir/CMakeCXXCompilerABI.cpp.obj
	F:\RPico\CMake\bin\cmake.exe -E cmake_cl_compile_depends --dep-file=CMakeFiles\cmTC_552aa.dir\CMakeCXXCompilerABI.cpp.obj.d --working-dir=F:\PicoSDK\Projects\LogicAnalyzer\build\pioasm\CMakeFiles\CMakeScratch\TryCompile-850ga7 --filter-prefix="Nota: inclusi¾n del archivo: " -- C:\PROGRA~1\MIB055~1\2022\COMMUN~1\VC\Tools\MSVC\1434~1.319\bin\Hostx86\x86\cl.exe @C:\Users\geniw\AppData\Local\Temp\nm1004.tmp
CMakeCXXCompilerABI.cpp
Linking CXX executable cmTC_552aa.exe
	F:\RPico\CMake\bin\cmake.exe -E vs_link_exe --intdir=CMakeFiles\cmTC_552aa.dir --rc=C:\PROGRA~2\WI3CF2~1\10\bin\100190~1.0\x86\rc.exe --mt=C:\PROGRA~2\WI3CF2~1\10\bin\100190~1.0\x86\mt.exe --manifests -- C:\PROGRA~1\MIB055~1\2022\COMMUN~1\VC\Tools\MSVC\1434~1.319\bin\Hostx86\x86\link.exe /nologo @CMakeFiles\cmTC_552aa.dir\objects1 @C:\Users\geniw\AppData\Local\Temp\nm115D.tmp



